<?xml version="1.0" encoding="UTF-8"?>
<!-- Generated by org.testng.reporters.JUnitXMLReporter -->
<testsuite ignored="0" hostname="LTIN194771" failures="0" tests="8" name="Test" time="384.021" errors="0" timestamp="2024-02-27T13:37:22 IST">
  <testcase classname="testCases.Home" name="check_title" time="0.342"/>
  <testcase classname="testCases.Home" name="homepagetest" time="70.764"/>
  <testcase classname="testCases.testcase_surgeries" name="check_title_surgeries" time="1.815"/>
  <testcase classname="testCases.testcase_surgeries" name="surgeries_test" time="1.654"/>
  <testcase classname="testCases.testcase_Form" name="check_title_invalidform" time="26.831"/>
  <testcase classname="testCases.testcase_Form" name="formpagetest" time="2.222"/>
  <testcase classname="testCases.testcase_FormValid" name="check_title_validform" time="27.062"/>
  <testcase classname="testCases.testcase_FormValid" name="validformtest" time="30.845"/>
</testsuite> <!-- Test -->
